c:\users\administrator\desktop\leveldbwin\build\msvc10\_exports\debug\leveldb_d.pdb
c:\users\administrator\desktop\leveldbwin\build\msvc10\_exports\debug\leveldb_d.idb
c:\users\administrator\desktop\leveldbwin\build\msvc10\_exports\intermediate\leveldb.debug\iterator.obj
c:\users\administrator\desktop\leveldbwin\build\msvc10\_exports\intermediate\leveldb.debug\merger.obj
c:\users\administrator\desktop\leveldbwin\build\msvc10\_exports\intermediate\leveldb.debug\table.obj
c:\users\administrator\desktop\leveldbwin\build\msvc10\_exports\intermediate\leveldb.debug\table_builder.obj
c:\users\administrator\desktop\leveldbwin\build\msvc10\_exports\intermediate\leveldb.debug\two_level_iterator.obj
c:\users\administrator\desktop\leveldbwin\build\msvc10\_exports\intermediate\leveldb.debug\arena.obj
c:\users\administrator\desktop\leveldbwin\build\msvc10\_exports\intermediate\leveldb.debug\cache.obj
c:\users\administrator\desktop\leveldbwin\build\msvc10\_exports\intermediate\leveldb.debug\coding.obj
c:\users\administrator\desktop\leveldbwin\build\msvc10\_exports\intermediate\leveldb.debug\comparator.obj
c:\users\administrator\desktop\leveldbwin\build\msvc10\_exports\intermediate\leveldb.debug\crc32c.obj
c:\users\administrator\desktop\leveldbwin\build\msvc10\_exports\intermediate\leveldb.debug\env.obj
c:\users\administrator\desktop\leveldbwin\build\msvc10\_exports\intermediate\leveldb.debug\hash.obj
c:\users\administrator\desktop\leveldbwin\build\msvc10\_exports\intermediate\leveldb.debug\histogram.obj
c:\users\administrator\desktop\leveldbwin\build\msvc10\_exports\intermediate\leveldb.debug\logging.obj
c:\users\administrator\desktop\leveldbwin\build\msvc10\_exports\intermediate\leveldb.debug\options.obj
c:\users\administrator\desktop\leveldbwin\build\msvc10\_exports\intermediate\leveldb.debug\status.obj
c:\users\administrator\desktop\leveldbwin\build\msvc10\_exports\intermediate\leveldb.debug\testharness.obj
c:\users\administrator\desktop\leveldbwin\build\msvc10\_exports\intermediate\leveldb.debug\testutil.obj
c:\users\administrator\desktop\leveldbwin\build\msvc10\_exports\intermediate\leveldb.debug\env_win32.obj
c:\users\administrator\desktop\leveldbwin\build\msvc10\_exports\intermediate\leveldb.debug\port_win32.obj
c:\users\administrator\desktop\leveldbwin\build\msvc10\_exports\intermediate\leveldb.debug\builder.obj
c:\users\administrator\desktop\leveldbwin\build\msvc10\_exports\intermediate\leveldb.debug\c.obj
c:\users\administrator\desktop\leveldbwin\build\msvc10\_exports\intermediate\leveldb.debug\dbformat.obj
c:\users\administrator\desktop\leveldbwin\build\msvc10\_exports\intermediate\leveldb.debug\db_impl.obj
c:\users\administrator\desktop\leveldbwin\build\msvc10\_exports\intermediate\leveldb.debug\db_iter.obj
c:\users\administrator\desktop\leveldbwin\build\msvc10\_exports\intermediate\leveldb.debug\filename.obj
c:\users\administrator\desktop\leveldbwin\build\msvc10\_exports\intermediate\leveldb.debug\log_reader.obj
c:\users\administrator\desktop\leveldbwin\build\msvc10\_exports\intermediate\leveldb.debug\log_writer.obj
c:\users\administrator\desktop\leveldbwin\build\msvc10\_exports\intermediate\leveldb.debug\memtable.obj
c:\users\administrator\desktop\leveldbwin\build\msvc10\_exports\intermediate\leveldb.debug\repair.obj
c:\users\administrator\desktop\leveldbwin\build\msvc10\_exports\intermediate\leveldb.debug\table_cache.obj
c:\users\administrator\desktop\leveldbwin\build\msvc10\_exports\intermediate\leveldb.debug\version_edit.obj
c:\users\administrator\desktop\leveldbwin\build\msvc10\_exports\intermediate\leveldb.debug\version_set.obj
c:\users\administrator\desktop\leveldbwin\build\msvc10\_exports\intermediate\leveldb.debug\write_batch.obj
c:\users\administrator\desktop\leveldbwin\build\msvc10\_exports\intermediate\leveldb.debug\block.obj
c:\users\administrator\desktop\leveldbwin\build\msvc10\_exports\intermediate\leveldb.debug\block_builder.obj
c:\users\administrator\desktop\leveldbwin\build\msvc10\_exports\intermediate\leveldb.debug\format.obj
c:\users\administrator\desktop\leveldbwin\build\msvc10\_exports\debug\leveldb_d.lib
d:\vsprojects\leveldbwin\build\msvc10\_exports\intermediate\leveldb.debug\arena.obj
d:\vsprojects\leveldbwin\build\msvc10\_exports\intermediate\leveldb.debug\block.obj
d:\vsprojects\leveldbwin\build\msvc10\_exports\intermediate\leveldb.debug\block_builder.obj
d:\vsprojects\leveldbwin\build\msvc10\_exports\intermediate\leveldb.debug\builder.obj
d:\vsprojects\leveldbwin\build\msvc10\_exports\intermediate\leveldb.debug\c.obj
d:\vsprojects\leveldbwin\build\msvc10\_exports\intermediate\leveldb.debug\cache.obj
d:\vsprojects\leveldbwin\build\msvc10\_exports\intermediate\leveldb.debug\coding.obj
d:\vsprojects\leveldbwin\build\msvc10\_exports\intermediate\leveldb.debug\comparator.obj
d:\vsprojects\leveldbwin\build\msvc10\_exports\intermediate\leveldb.debug\crc32c.obj
d:\vsprojects\leveldbwin\build\msvc10\_exports\intermediate\leveldb.debug\dbformat.obj
d:\vsprojects\leveldbwin\build\msvc10\_exports\intermediate\leveldb.debug\db_impl.obj
d:\vsprojects\leveldbwin\build\msvc10\_exports\intermediate\leveldb.debug\db_iter.obj
d:\vsprojects\leveldbwin\build\msvc10\_exports\intermediate\leveldb.debug\env.obj
d:\vsprojects\leveldbwin\build\msvc10\_exports\intermediate\leveldb.debug\env_win32.obj
d:\vsprojects\leveldbwin\build\msvc10\_exports\intermediate\leveldb.debug\filename.obj
d:\vsprojects\leveldbwin\build\msvc10\_exports\intermediate\leveldb.debug\format.obj
d:\vsprojects\leveldbwin\build\msvc10\_exports\intermediate\leveldb.debug\hash.obj
d:\vsprojects\leveldbwin\build\msvc10\_exports\intermediate\leveldb.debug\histogram.obj
d:\vsprojects\leveldbwin\build\msvc10\_exports\intermediate\leveldb.debug\iterator.obj
d:\vsprojects\leveldbwin\build\msvc10\_exports\intermediate\leveldb.debug\logging.obj
d:\vsprojects\leveldbwin\build\msvc10\_exports\intermediate\leveldb.debug\log_reader.obj
d:\vsprojects\leveldbwin\build\msvc10\_exports\intermediate\leveldb.debug\log_writer.obj
d:\vsprojects\leveldbwin\build\msvc10\_exports\intermediate\leveldb.debug\memtable.obj
d:\vsprojects\leveldbwin\build\msvc10\_exports\intermediate\leveldb.debug\merger.obj
d:\vsprojects\leveldbwin\build\msvc10\_exports\intermediate\leveldb.debug\options.obj
d:\vsprojects\leveldbwin\build\msvc10\_exports\intermediate\leveldb.debug\port_win32.obj
d:\vsprojects\leveldbwin\build\msvc10\_exports\intermediate\leveldb.debug\repair.obj
d:\vsprojects\leveldbwin\build\msvc10\_exports\intermediate\leveldb.debug\status.obj
d:\vsprojects\leveldbwin\build\msvc10\_exports\intermediate\leveldb.debug\table.obj
d:\vsprojects\leveldbwin\build\msvc10\_exports\intermediate\leveldb.debug\table_builder.obj
d:\vsprojects\leveldbwin\build\msvc10\_exports\intermediate\leveldb.debug\table_cache.obj
d:\vsprojects\leveldbwin\build\msvc10\_exports\intermediate\leveldb.debug\testharness.obj
d:\vsprojects\leveldbwin\build\msvc10\_exports\intermediate\leveldb.debug\testutil.obj
d:\vsprojects\leveldbwin\build\msvc10\_exports\intermediate\leveldb.debug\two_level_iterator.obj
d:\vsprojects\leveldbwin\build\msvc10\_exports\intermediate\leveldb.debug\version_edit.obj
d:\vsprojects\leveldbwin\build\msvc10\_exports\intermediate\leveldb.debug\version_set.obj
d:\vsprojects\leveldbwin\build\msvc10\_exports\intermediate\leveldb.debug\write_batch.obj
d:\vsprojects\leveldbwin\build\msvc10\_exports\debug\leveldb_d.pdb
d:\vsprojects\leveldbwin\build\msvc10\_exports\debug\leveldb_d.lib
d:\vsprojects\leveldbwin\build\msvc10\_exports\intermediate\leveldb.debug\leveldb.tlog\cl.command.1.tlog
d:\vsprojects\leveldbwin\build\msvc10\_exports\intermediate\leveldb.debug\leveldb.tlog\cl.read.1.tlog
d:\vsprojects\leveldbwin\build\msvc10\_exports\intermediate\leveldb.debug\leveldb.tlog\cl.write.1.tlog
d:\vsprojects\leveldbwin\build\msvc10\_exports\intermediate\leveldb.debug\leveldb.tlog\lib-link.read.1.tlog
d:\vsprojects\leveldbwin\build\msvc10\_exports\intermediate\leveldb.debug\leveldb.tlog\lib-link.write.1.tlog
d:\vsprojects\leveldbwin\build\msvc10\_exports\intermediate\leveldb.debug\leveldb.tlog\lib.command.1.tlog
